2021-12-09 18:29:53
_PTHREADS is not defined ! -- /home/kafier/workspace/NetLib/netLib/Main.cc:52
2021-12-09 18:30:24
New connection from 127.0.0.1:36424 -- /home/kafier/workspace/NetLib/netLib/Server.cc:56
2021-12-09 18:30:24
Request: GET / HTTP/1.1
Host: 127.0.0.1:9999
User-Agent: Mozilla/5.0 (Windows NT 10.0; Win64; x64; rv:94.0) Gecko/20100101 Firefox/94.0
Accept: text/html,application/xhtml+xml,application/xml;q=0.9,image/avif,image/webp,*/*;q=0.8
Accept-Language: zh-CN,zh;q=0.8,zh-TW;q=0.7,zh-HK;q=0.5,en-US;q=0.3,en;q=0.2
Accept-Encoding: gzip, deflate
Connection: keep-alive
Upgrade-Insecure-Requests: 1
Sec-Fetch-Dest: document
Sec-Fetch-Mode: navigate
Sec-Fetch-Site: none
Sec-Fetch-User: ?1

 -- /home/kafier/workspace/NetLib/netLib/HttpData.cc:178
2021-12-09 18:30:24
New connection from 127.0.0.1:36426 -- /home/kafier/workspace/NetLib/netLib/Server.cc:56
2021-12-09 18:30:24
Request: GET /favicon.ico HTTP/1.1
Host: 127.0.0.1:9999
User-Agent: Mozilla/5.0 (Windows NT 10.0; Win64; x64; rv:94.0) Gecko/20100101 Firefox/94.0
Accept: image/avif,image/webp,*/*
Accept-Language: zh-CN,zh;q=0.8,zh-TW;q=0.7,zh-HK;q=0.5,en-US;q=0.3,en;q=0.2
Accept-Encoding: gzip, deflate
Connection: keep-alive
Referer: http://127.0.0.1:9999/
Sec-Fetch-Dest: image
Sec-Fetch-Mode: no-cors
Sec-Fetch-Site: same-origin

 -- /home/kafier/workspace/NetLib/netLib/HttpData.cc:178
2021-12-09 18:31:24
_PTHREADS is not defined ! -- /home/kafier/workspace/NetLib/netLib/Main.cc:52
